[debug] [2025-10-19T18:07:51.318Z] ----------------------------------------------------------------------
[debug] [2025-10-19T18:07:51.321Z] Command:       C:\Program Files\nodejs\node.exe C:\Users\nnouk\AppData\Roaming\npm\node_modules\firebase-tools\lib\bin\firebase.js deploy
[debug] [2025-10-19T18:07:51.321Z] CLI Version:   14.20.0
[debug] [2025-10-19T18:07:51.321Z] Platform:      win32
[debug] [2025-10-19T18:07:51.321Z] Node Version:  v22.18.0
[debug] [2025-10-19T18:07:51.321Z] Time:          Sun Oct 19 2025 20:07:51 GMT+0200 (Central Africa Time)
[debug] [2025-10-19T18:07:51.321Z] ----------------------------------------------------------------------
[debug] 
[debug] [2025-10-19T18:07:51.466Z] > command requires scopes: ["email","openid","https://www.googleapis.com/auth/cloudplatformprojects.readonly","https://www.googleapis.com/auth/firebase","https://www.googleapis.com/auth/cloud-platform"]
[debug] [2025-10-19T18:07:51.466Z] > authorizing via signed-in user (nnoukastephen@gmail.com)
[debug] [2025-10-19T18:07:51.467Z] [iam] checking project pamoja-a8bbf for permissions ["firebase.projects.get","firebasehosting.sites.update"]
[debug] [2025-10-19T18:07:51.467Z] Checked if tokens are valid: true, expires at: 1760900253934
[debug] [2025-10-19T18:07:51.467Z] Checked if tokens are valid: true, expires at: 1760900253934
[debug] [2025-10-19T18:07:51.468Z] >>> [apiv2][query] POST https://cloudresourcemanager.googleapis.com/v1/projects/pamoja-a8bbf:testIamPermissions [none]
[debug] [2025-10-19T18:07:51.468Z] >>> [apiv2][(partial)header] POST https://cloudresourcemanager.googleapis.com/v1/projects/pamoja-a8bbf:testIamPermissions x-goog-quota-user=projects/pamoja-a8bbf
[debug] [2025-10-19T18:07:51.468Z] >>> [apiv2][body] POST https://cloudresourcemanager.googleapis.com/v1/projects/pamoja-a8bbf:testIamPermissions {"permissions":["firebase.projects.get","firebasehosting.sites.update"]}
[debug] [2025-10-19T18:07:53.314Z] <<< [apiv2][status] POST https://cloudresourcemanager.googleapis.com/v1/projects/pamoja-a8bbf:testIamPermissions 200
[debug] [2025-10-19T18:07:53.314Z] <<< [apiv2][body] POST https://cloudresourcemanager.googleapis.com/v1/projects/pamoja-a8bbf:testIamPermissions {"permissions":["firebase.projects.get","firebasehosting.sites.update"]}
[debug] [2025-10-19T18:07:53.315Z] Checked if tokens are valid: true, expires at: 1760900253934
[debug] [2025-10-19T18:07:53.315Z] Checked if tokens are valid: true, expires at: 1760900253934
[debug] [2025-10-19T18:07:53.315Z] >>> [apiv2][query] GET https://firebase.googleapis.com/v1beta1/projects/pamoja-a8bbf [none]
[debug] [2025-10-19T18:07:54.183Z] <<< [apiv2][status] GET https://firebase.googleapis.com/v1beta1/projects/pamoja-a8bbf 200
[debug] [2025-10-19T18:07:54.183Z] <<< [apiv2][body] GET https://firebase.googleapis.com/v1beta1/projects/pamoja-a8bbf {"projectId":"pamoja-a8bbf","projectNumber":"543255122555","displayName":"Pamoja","name":"projects/pamoja-a8bbf","resources":{"hostingSite":"pamoja-a8bbf"},"state":"ACTIVE","etag":"1_1a08cf2d-5060-43a6-a595-fb689b630ac9"}
[debug] [2025-10-19T18:07:55.576Z] Checked if tokens are valid: true, expires at: 1760900253934
[debug] [2025-10-19T18:07:55.576Z] Checked if tokens are valid: true, expires at: 1760900253934
[debug] [2025-10-19T18:07:55.576Z] >>> [apiv2][query] GET https://firebasehosting.googleapis.com/v1beta1/projects/pamoja-a8bbf/sites pageToken=&pageSize=10
[debug] [2025-10-19T18:07:57.724Z] <<< [apiv2][status] GET https://firebasehosting.googleapis.com/v1beta1/projects/pamoja-a8bbf/sites 200
[debug] [2025-10-19T18:07:57.724Z] <<< [apiv2][body] GET https://firebasehosting.googleapis.com/v1beta1/projects/pamoja-a8bbf/sites {"sites":[{"name":"projects/pamoja-a8bbf/sites/pamoja-a8bbf","defaultUrl":"https://pamoja-a8bbf.web.app","appId":"1:543255122555:web:376d7b0c8eab74e96b48de","type":"DEFAULT_SITE"}]}
[debug] [2025-10-19T18:07:57.725Z] Checked if tokens are valid: true, expires at: 1760900253934
[debug] [2025-10-19T18:07:57.725Z] Checked if tokens are valid: true, expires at: 1760900253934
[debug] [2025-10-19T18:07:57.725Z] >>> [apiv2][query] GET https://firebase.googleapis.com/v1beta1/projects/-/webApps/1:543255122555:web:376d7b0c8eab74e96b48de/config [none]
[debug] [2025-10-19T18:07:58.565Z] <<< [apiv2][status] GET https://firebase.googleapis.com/v1beta1/projects/-/webApps/1:543255122555:web:376d7b0c8eab74e96b48de/config 200
[debug] [2025-10-19T18:07:58.565Z] <<< [apiv2][body] GET https://firebase.googleapis.com/v1beta1/projects/-/webApps/1:543255122555:web:376d7b0c8eab74e96b48de/config {"projectId":"pamoja-a8bbf","appId":"1:543255122555:web:376d7b0c8eab74e96b48de","storageBucket":"pamoja-a8bbf.firebasestorage.app","apiKey":"AIzaSyBegQqK0kzi1YGXrh8QUg9iXx2tPWCyyOo","authDomain":"pamoja-a8bbf.firebaseapp.com","messagingSenderId":"543255122555","measurementId":"G-NBCL2T180Q","projectNumber":"543255122555","version":"2"}
[info] 
   Thank you for trying our early preview of Next.js support on Firebase Hosting.
   During the preview, support is best-effort and breaking changes can be expected. Proceed with caution.
   The integration is known to work with Next.js version 12 - 15.0. You may encounter errors.

   Documentation: https://firebase.google.com/docs/hosting/frameworks/nextjs
   File a bug: https://github.com/firebase/firebase-tools/issues/new?template=bug_report.md
   Submit a feature request: https://github.com/firebase/firebase-tools/issues/new?template=feature_request.md

   We'd love to learn from you. Express your interest in helping us shape the future of Firebase Hosting: https://goo.gle/41enW5X

[debug] [2025-10-19T18:08:01.762Z] Checked if tokens are valid: true, expires at: 1760900253934
[debug] [2025-10-19T18:08:01.762Z] Checked if tokens are valid: true, expires at: 1760900253934
[debug] [2025-10-19T18:08:01.763Z] >>> [apiv2][query] GET https://firebasehosting.googleapis.com/v1beta1/projects/pamoja-a8bbf/sites/pamoja-a8bbf [none]
[debug] [2025-10-19T18:08:02.191Z] <<< [apiv2][status] GET https://firebasehosting.googleapis.com/v1beta1/projects/pamoja-a8bbf/sites/pamoja-a8bbf 200
[debug] [2025-10-19T18:08:02.192Z] <<< [apiv2][body] GET https://firebasehosting.googleapis.com/v1beta1/projects/pamoja-a8bbf/sites/pamoja-a8bbf {"name":"projects/pamoja-a8bbf/sites/pamoja-a8bbf","defaultUrl":"https://pamoja-a8bbf.web.app","appId":"1:543255122555:web:376d7b0c8eab74e96b48de","type":"DEFAULT_SITE"}
[info]    ▲ Next.js 15.5.6

[info]    - Environments: .env.local, .env


[info]    Creating an optimized production build ...

[info]  ✓ Compiled successfully in 2.7s

[info]    Linting and checking validity of types ...

[info]    Collecting page data ...

[info]    Generating static pages (0/15) ...

[info]    Generating static pages (3/15) 

[info]    Generating static pages (7/15) 

[info]    Generating static pages (11/15) 

[info]  ✓ Generating static pages (15/15)

[info]    Finalizing page optimization ...
   Collecting build traces ...

[info] 

[info] Route (app)                                 Size  First Load JS
┌ ○ /                                     5.3 kB         243 kB
├ ○ /_not-found                            995 B         103 kB
├ ƒ /api/generate-challenges               120 B         102 kB
├ ○ /challenges                          4.18 kB         246 kB
├ ○ /dashboard                            2.6 kB         244 kB
├ ○ /debug                               3.35 kB         238 kB
├ ○ /leaderboard                         2.75 kB         245 kB
├ ○ /login                               3.77 kB         242 kB
├ ○ /notes                               3.56 kB         245 kB
├ ○ /signup                              4.19 kB         242 kB
├ ○ /test-firebase                       2.15 kB         113 kB
└ ○ /upload                              7.86 kB         246 kB
+ First Load JS shared by all             102 kB
  ├ chunks/255-8140d7e8c6fbfc2e.js       45.8 kB
  ├ chunks/4bd1b696-c023c6e3521b1417.js  54.2 kB
  └ other shared chunks (total)          2.13 kB


[info] 
○  (Static)   prerendered as static content
ƒ  (Dynamic)  server-rendered on demand


[info] Building a Cloud Function to run this application. This is needed due to:
[info]  • non-static component /api/generate-challenges/route
[info] 
[debug] [2025-10-19T18:08:17.677Z] Checked if tokens are valid: true, expires at: 1760900253934
[debug] [2025-10-19T18:08:17.677Z] Checked if tokens are valid: true, expires at: 1760900253934
[debug] [2025-10-19T18:08:17.677Z] >>> [apiv2][query] GET https://firebasehosting.googleapis.com/v1beta1/projects/pamoja-a8bbf/sites/pamoja-a8bbf [none]
[debug] [2025-10-19T18:08:19.657Z] <<< [apiv2][status] GET https://firebasehosting.googleapis.com/v1beta1/projects/pamoja-a8bbf/sites/pamoja-a8bbf 200
[debug] [2025-10-19T18:08:19.657Z] <<< [apiv2][body] GET https://firebasehosting.googleapis.com/v1beta1/projects/pamoja-a8bbf/sites/pamoja-a8bbf {"name":"projects/pamoja-a8bbf/sites/pamoja-a8bbf","defaultUrl":"https://pamoja-a8bbf.web.app","appId":"1:543255122555:web:376d7b0c8eab74e96b48de","type":"DEFAULT_SITE"}
[warn] !  This integration expects Node version 16, 18, or 20. You're running version 22, problems may be encountered. 
[debug] [2025-10-19T18:08:37.986Z] [web frameworks] effective firebase.json:  {
  "hosting": [
    {
      "source": ".",
      "ignore": [
        "firebase.json",
        "**/.*",
        "**/node_modules/**"
      ],
      "frameworksBackend": {
        "region": "us-central1"
      },
      "site": "pamoja-a8bbf",
      "rewrites": [
        {
          "source": "/**",
          "function": {
            "functionId": "ssrpamojaa8bbf",
            "region": "us-central1",
            "pinTag": true
          }
        }
      ],
      "redirects": [],
      "headers": [
        {
          "source": "/favicon.ico",
          "headers": [
            {
              "key": "cache-control",
              "value": "public, max-age=0, must-revalidate"
            },
            {
              "key": "content-type",
              "value": "image/x-icon"
            },
            {
              "key": "x-next-cache-tags",
              "value": "_N_T_/layout,_N_T_/favicon.ico/layout,_N_T_/favicon.ico/route,_N_T_/favicon.ico"
            }
          ]
        },
        {
          "source": "/leaderboard",
          "headers": [
            {
              "key": "x-nextjs-stale-time",
              "value": "300"
            },
            {
              "key": "x-nextjs-prerender",
              "value": "1"
            },
            {
              "key": "x-next-cache-tags",
              "value": "_N_T_/layout,_N_T_/leaderboard/layout,_N_T_/leaderboard/page,_N_T_/leaderboard"
            }
          ]
        },
        {
          "source": "/_not-found",
          "headers": [
            {
              "key": "x-nextjs-stale-time",
              "value": "300"
            },
            {
              "key": "x-nextjs-prerender",
              "value": "1"
            },
            {
              "key": "x-next-cache-tags",
              "value": "_N_T_/layout,_N_T_/_not-found/layout,_N_T_/_not-found/page,_N_T_/_not-found"
            }
          ]
        },
        {
          "source": "/notes",
          "headers": [
            {
              "key": "x-nextjs-stale-time",
              "value": "300"
            },
            {
              "key": "x-nextjs-prerender",
              "value": "1"
            },
            {
              "key": "x-next-cache-tags",
              "value": "_N_T_/layout,_N_T_/notes/layout,_N_T_/notes/page,_N_T_/notes"
            }
          ]
        },
        {
          "source": "/login",
          "headers": [
            {
              "key": "x-nextjs-stale-time",
              "value": "300"
            },
            {
              "key": "x-nextjs-prerender",
              "value": "1"
            },
            {
              "key": "x-next-cache-tags",
              "value": "_N_T_/layout,_N_T_/login/layout,_N_T_/login/page,_N_T_/login"
            }
          ]
        },
        {
          "source": "/debug",
          "headers": [
            {
              "key": "x-nextjs-stale-time",
              "value": "300"
            },
            {
              "key": "x-nextjs-prerender",
              "value": "1"
            },
            {
              "key": "x-next-cache-tags",
              "value": "_N_T_/layout,_N_T_/debug/layout,_N_T_/debug/page,_N_T_/debug"
            }
          ]
        },
        {
          "source": "/challenges",
          "headers": [
            {
              "key": "x-nextjs-stale-time",
              "value": "300"
            },
            {
              "key": "x-nextjs-prerender",
              "value": "1"
            },
            {
              "key": "x-next-cache-tags",
              "value": "_N_T_/layout,_N_T_/challenges/layout,_N_T_/challenges/page,_N_T_/challenges"
            }
          ]
        },
        {
          "source": "/test-firebase",
          "headers": [
            {
              "key": "x-nextjs-stale-time",
              "value": "300"
            },
            {
              "key": "x-nextjs-prerender",
              "value": "1"
            },
            {
              "key": "x-next-cache-tags",
              "value": "_N_T_/layout,_N_T_/test-firebase/layout,_N_T_/test-firebase/page,_N_T_/test-firebase"
            }
          ]
        },
        {
          "source": "/signup",
          "headers": [
            {
              "key": "x-nextjs-stale-time",
              "value": "300"
            },
            {
              "key": "x-nextjs-prerender",
              "value": "1"
            },
            {
              "key": "x-next-cache-tags",
              "value": "_N_T_/layout,_N_T_/signup/layout,_N_T_/signup/page,_N_T_/signup"
            }
          ]
        },
        {
          "source": "/upload",
          "headers": [
            {
              "key": "x-nextjs-stale-time",
              "value": "300"
            },
            {
              "key": "x-nextjs-prerender",
              "value": "1"
            },
            {
              "key": "x-next-cache-tags",
              "value": "_N_T_/layout,_N_T_/upload/layout,_N_T_/upload/page,_N_T_/upload"
            }
          ]
        },
        {
          "source": "/dashboard",
          "headers": [
            {
              "key": "x-nextjs-stale-time",
              "value": "300"
            },
            {
              "key": "x-nextjs-prerender",
              "value": "1"
            },
            {
              "key": "x-next-cache-tags",
              "value": "_N_T_/layout,_N_T_/dashboard/layout,_N_T_/dashboard/page,_N_T_/dashboard"
            }
          ]
        },
        {
          "source": "/**/*.[jt]s",
          "headers": [
            {
              "key": "Set-Cookie",
              "value": "__FIREBASE_DEFAULTS__=eyJjb25maWciOnsicHJvamVjdElkIjoicGFtb2phLWE4YmJmIiwiYXBwSWQiOiIxOjU0MzI1NTEyMjU1NTp3ZWI6Mzc2ZDdiMGM4ZWFiNzRlOTZiNDhkZSIsInN0b3JhZ2VCdWNrZXQiOiJwYW1vamEtYThiYmYuZmlyZWJhc2VzdG9yYWdlLmFwcCIsImFwaUtleSI6IkFJemFTeUJlZ1FxSzBremkxWUdYcmg4UVVnOWlYeDJ0UFdDeXlPbyIsImF1dGhEb21haW4iOiJwYW1vamEtYThiYmYuZmlyZWJhc2VhcHAuY29tIiwibWVzc2FnaW5nU2VuZGVySWQiOiI1NDMyNTUxMjI1NTUiLCJtZWFzdXJlbWVudElkIjoiRy1OQkNMMlQxODBRIiwicHJvamVjdE51bWJlciI6IjU0MzI1NTEyMjU1NSIsInZlcnNpb24iOiIyIn0sIl9hdXRoVG9rZW5TeW5jVVJMIjoiL19fc2Vzc2lvbiJ9; SameSite=Strict; Expires=2027-09-14T04:48:37.986Z; Path=/;"
            }
          ]
        }
      ],
      "cleanUrls": true,
      "trailingSlash": false,
      "public": ".firebase\\pamoja-a8bbf\\hosting",
      "webFramework": "next_ssr"
    }
  ],
  "functions": [
    {
      "source": ".firebase\\pamoja-a8bbf\\functions",
      "codebase": "firebase-frameworks-pamoja-a8bbf"
    }
  ]
}
[debug] [2025-10-19T18:08:37.986Z] > command requires scopes: ["email","openid","https://www.googleapis.com/auth/cloudplatformprojects.readonly","https://www.googleapis.com/auth/firebase","https://www.googleapis.com/auth/cloud-platform"]
[debug] [2025-10-19T18:08:37.986Z] > authorizing via signed-in user (nnoukastephen@gmail.com)
[debug] [2025-10-19T18:08:37.987Z] [iam] checking project pamoja-a8bbf for permissions ["cloudfunctions.functions.create","cloudfunctions.functions.delete","cloudfunctions.functions.get","cloudfunctions.functions.list","cloudfunctions.functions.update","cloudfunctions.operations.get","firebase.projects.get"]
[debug] [2025-10-19T18:08:37.987Z] Checked if tokens are valid: true, expires at: 1760900253934
[debug] [2025-10-19T18:08:37.987Z] Checked if tokens are valid: true, expires at: 1760900253934
[debug] [2025-10-19T18:08:37.987Z] >>> [apiv2][query] POST https://cloudresourcemanager.googleapis.com/v1/projects/pamoja-a8bbf:testIamPermissions [none]
[debug] [2025-10-19T18:08:37.987Z] >>> [apiv2][(partial)header] POST https://cloudresourcemanager.googleapis.com/v1/projects/pamoja-a8bbf:testIamPermissions x-goog-quota-user=projects/pamoja-a8bbf
[debug] [2025-10-19T18:08:37.987Z] >>> [apiv2][body] POST https://cloudresourcemanager.googleapis.com/v1/projects/pamoja-a8bbf:testIamPermissions {"permissions":["cloudfunctions.functions.create","cloudfunctions.functions.delete","cloudfunctions.functions.get","cloudfunctions.functions.list","cloudfunctions.functions.update","cloudfunctions.operations.get","firebase.projects.get"]}
